2020-01-09 22:23:59,356 [main] INFO nopComemrce - ----------------Launching the Browser
2020-01-09 22:25:01,892 [main] INFO nopComemrce - ----------------Opening the URL
2020-01-09 22:25:07,563 [main] INFO nopComemrce - ----------------Launching the Browser
2020-01-09 22:25:30,969 [main] INFO nopComemrce - ----------------Opening the URL
2020-01-09 22:25:31,421 [main] INFO nopComemrce - ------------Providing the Username----------------
2020-01-09 22:25:31,566 [main] INFO nopComemrce - ------------Providing the Password----------------
2020-01-09 22:25:31,568 [main] INFO nopComemrce - ------------Clicking on Login Button----------------
2020-01-09 22:26:22,317 [main] INFO nopComemrce - ----------------Launching the Browser
2020-01-09 22:26:49,747 [main] INFO nopComemrce - ----------------Opening the URL
2020-01-09 22:26:49,946 [main] INFO nopComemrce - ------------Providing the Username----------------
2020-01-09 22:26:50,076 [main] INFO nopComemrce - ------------Providing the Password----------------
2020-01-09 22:26:50,078 [main] INFO nopComemrce - ------------Clicking on Login Button----------------
2020-01-09 22:27:25,566 [main] INFO nopComemrce - ------------closing the browser----------------
2020-01-09 23:13:52,695 [main] INFO nopComemrce - ----------------Launching the Browser
2020-01-09 23:13:52,769 [main] INFO nopComemrce - ----------------Launching the Browser
2020-01-09 23:13:52,793 [main] INFO nopComemrce - ----------------Launching the Browser
2020-01-09 23:17:07,891 [main] INFO nopComemrce - ----------------Launching the Browser
2020-01-09 23:17:08,013 [main] INFO nopComemrce - ----------------Launching the Browser
2020-01-09 23:17:08,056 [main] INFO nopComemrce - ----------------Launching the Browser
2020-01-10 09:35:32,445 [main] INFO nopComemrce - ----------------Launching the Browser
2020-01-10 09:36:22,120 [main] INFO nopComemrce - ----------------Opening the URL
2020-01-10 09:36:22,545 [main] INFO nopComemrce - ------------Providing the Username----------------
2020-01-10 09:36:22,754 [main] INFO nopComemrce - ------------Providing the Password----------------
2020-01-10 09:36:22,757 [main] INFO nopComemrce - ------------Clicking on Login Button----------------
2020-01-10 09:38:12,116 [main] INFO nopComemrce - ------------clicking on logout button----------------
2020-01-10 09:38:12,435 [main] INFO nopComemrce - ------------closing the browser----------------
2020-01-10 09:38:18,400 [main] INFO nopComemrce - ----------------Launching the Browser
2020-01-10 09:38:42,893 [main] INFO nopComemrce - ----------------Opening the URL
2020-01-10 09:38:43,174 [main] INFO nopComemrce - ------------Providing the Username----------------
2020-01-10 09:38:43,808 [main] INFO nopComemrce - ------------Providing the Password----------------
2020-01-10 09:38:43,811 [main] INFO nopComemrce - ------------Clicking on Login Button----------------
2020-01-10 09:39:32,909 [main] INFO nopComemrce - ----------------Launching the Browser
2020-01-10 09:39:53,331 [main] INFO nopComemrce - ----------------Opening the URL
2020-01-10 09:39:53,559 [main] INFO nopComemrce - ------------Providing the Username----------------
2020-01-10 09:39:53,752 [main] INFO nopComemrce - ------------Providing the Password----------------
2020-01-10 09:39:53,757 [main] INFO nopComemrce - ------------Clicking on Login Button----------------
2020-01-10 09:40:00,193 [main] INFO nopComemrce - ----------------Launching the Browser
2020-01-10 09:40:28,547 [main] INFO nopComemrce - ----------------Opening the URL
2020-01-10 09:40:28,853 [main] INFO nopComemrce - ------------Providing the Username----------------
2020-01-10 09:40:29,060 [main] INFO nopComemrce - ------------Providing the Password----------------
2020-01-10 09:40:29,061 [main] INFO nopComemrce - ------------Clicking on Login Button----------------
2020-01-10 09:40:39,675 [main] INFO nopComemrce - ------------clicking on logout button----------------
2020-01-10 09:40:39,901 [main] INFO nopComemrce - ------------closing the browser----------------
2020-01-10 22:20:44,160 [main] INFO nopComemrce - ----------------Launching the Browser
2020-01-10 22:20:48,041 [main] INFO nopComemrce - ----------------Opening the URL
2020-01-10 22:20:48,362 [main] INFO nopComemrce - ------------Providing the Username----------------
2020-01-10 22:20:48,505 [main] INFO nopComemrce - ------------Providing the Password----------------
2020-01-10 22:20:48,508 [main] INFO nopComemrce - ------------Clicking on Login Button----------------
2020-01-10 22:21:05,631 [main] INFO nopComemrce - ------------clicking on logout button----------------
2020-01-10 22:21:05,957 [main] INFO nopComemrce - ------------closing the browser----------------
2020-01-10 22:21:12,292 [main] INFO nopComemrce - ----------------Launching the Browser
2020-01-10 22:21:15,599 [main] INFO nopComemrce - ----------------Opening the URL
2020-01-10 22:21:15,782 [main] INFO nopComemrce - ------------Providing the Username----------------
2020-01-10 22:21:15,941 [main] INFO nopComemrce - ------------Providing the Password----------------
2020-01-10 22:21:15,943 [main] INFO nopComemrce - ------------Clicking on Login Button----------------
2020-01-10 22:21:22,908 [main] INFO nopComemrce - ----------------Launching the Browser
2020-01-10 22:21:27,687 [main] INFO nopComemrce - ----------------Opening the URL
2020-01-10 22:21:27,868 [main] INFO nopComemrce - ------------Providing the Username----------------
2020-01-10 22:21:28,028 [main] INFO nopComemrce - ------------Providing the Password----------------
2020-01-10 22:21:28,030 [main] INFO nopComemrce - ------------Clicking on Login Button----------------
2020-01-10 22:21:36,828 [main] INFO nopComemrce - ----------------Launching the Browser
2020-01-10 22:21:41,923 [main] INFO nopComemrce - ----------------Opening the URL
2020-01-10 22:21:42,130 [main] INFO nopComemrce - ------------Providing the Username----------------
2020-01-10 22:21:42,270 [main] INFO nopComemrce - ------------Providing the Password----------------
2020-01-10 22:21:42,272 [main] INFO nopComemrce - ------------Clicking on Login Button----------------
2020-01-10 22:21:58,946 [main] INFO nopComemrce - ------------clicking on logout button----------------
2020-01-10 22:21:59,134 [main] INFO nopComemrce - ------------closing the browser----------------
2020-01-11 06:52:34,701 [main] INFO nopComemrce - ----------------Launching the Browser
2020-01-11 06:52:54,770 [main] INFO nopComemrce - ----------------Opening the URL
2020-01-11 06:52:55,119 [main] INFO nopComemrce - ------------Providing the Username----------------
2020-01-11 06:52:55,341 [main] INFO nopComemrce - ------------Providing the Password----------------
2020-01-11 06:52:55,343 [main] INFO nopComemrce - ------------Clicking on Login Button----------------
2020-01-11 06:53:04,659 [main] INFO nopComemrce - ------------clicking on logout button----------------
2020-01-11 06:53:05,065 [main] INFO nopComemrce - ------------closing the browser----------------
2020-01-11 06:53:10,891 [main] INFO nopComemrce - ----------------Launching the Browser
2020-01-11 06:53:30,745 [main] INFO nopComemrce - ----------------Opening the URL
2020-01-11 06:53:30,986 [main] INFO nopComemrce - ------------Providing the Username----------------
2020-01-11 06:53:31,193 [main] INFO nopComemrce - ------------Providing the Password----------------
2020-01-11 06:53:31,195 [main] INFO nopComemrce - ------------Clicking on Login Button----------------
2020-01-11 06:53:38,233 [main] INFO nopComemrce - ----------------Launching the Browser
2020-01-11 06:53:58,204 [main] INFO nopComemrce - ----------------Opening the URL
2020-01-11 06:53:58,473 [main] INFO nopComemrce - ------------Providing the Username----------------
2020-01-11 06:53:58,723 [main] INFO nopComemrce - ------------Providing the Password----------------
2020-01-11 06:53:58,727 [main] INFO nopComemrce - ------------Clicking on Login Button----------------
2020-01-11 06:54:05,937 [main] INFO nopComemrce - ----------------Launching the Browser
2020-01-11 06:54:26,708 [main] INFO nopComemrce - ----------------Opening the URL
2020-01-11 06:54:26,981 [main] INFO nopComemrce - ------------Providing the Username----------------
2020-01-11 06:54:27,213 [main] INFO nopComemrce - ------------Providing the Password----------------
2020-01-11 06:54:27,216 [main] INFO nopComemrce - ------------Clicking on Login Button----------------
2020-01-11 06:54:37,399 [main] INFO nopComemrce - ------------clicking on logout button----------------
2020-01-11 06:54:37,673 [main] INFO nopComemrce - ------------closing the browser----------------
